-------------------------------------------------------------------------------
Test set: TestSuite
-------------------------------------------------------------------------------
Tests run: 716, Failures: 44, Errors: 0, Skipped: 672, Time elapsed: 80.929 s <<< FAILURE! - in TestSuite
loginAPI(tests.frontendAgent.SystemStatusTest)  Time elapsed: 42.929 s  <<< FAILURE!
java.lang.AssertionError: 
The following asserts failed:
	Connectivity issue occurred, Not able to connect with server : java.net.ConnectException: Connection timed out: connect
	at tests.frontendAgent.SystemStatusTest.loginAPI(SystemStatusTest.java:79)

testCredOfAdmin(tests.frontendAgent.SystemStatusTest)  Time elapsed: 2.087 s  <<< FAILURE!
java.lang.AssertionError: 
The following asserts failed:
	Not able to generate Token. Please Update Password As soon as possible if required.
API Response Message: Failed to authenticate user.
	at tests.frontendAgent.SystemStatusTest.testCredOfAdmin(SystemStatusTest.java:122)

testCredOfBackendAgent(tests.frontendAgent.SystemStatusTest)  Time elapsed: 1.443 s  <<< FAILURE!
java.lang.AssertionError: 
The following asserts failed:
	Not able to generate Token. Please Update Password As soon as possible if required.
API Response Message: Failed to authenticate user.
	at tests.frontendAgent.SystemStatusTest.testCredOfBackendAgent(SystemStatusTest.java:161)

checkExecution(tests.frontendAgent.LoginTests)  Time elapsed: 2.644 s  <<< FAILURE!
java.lang.AssertionError: 
The following asserts failed:
	Terminate Execution as user not able to login into portal or Role does not assign to user. Please do needful.
	at tests.frontendAgent.LoginTests.checkExecution(LoginTests.java:23)

checkExecution(tests.frontendAgent.sideMenuTests)  Time elapsed: 0.363 s  <<< FAILURE!
java.lang.AssertionError: 
The following asserts failed:
	Terminate Execution as user not able to login into portal or Role does not assign to user. Please do needful.
	at tests.frontendAgent.sideMenuTests.checkExecution(sideMenuTests.java:20)

checkExecution(tests.frontendAgent.customerInteractionTest)  Time elapsed: 0.484 s  <<< FAILURE!
java.lang.AssertionError: 
The following asserts failed:
	Terminate Execution as user not able to login into portal or Role does not assign to user. Please do needful.
	at tests.frontendAgent.customerInteractionTest.checkExecution(customerInteractionTest.java:40)

checkExecution(tests.frontendAgent.widgetsOptionsTest)  Time elapsed: 0.109 s  <<< FAILURE!
java.lang.AssertionError: 
The following asserts failed:
	Terminate Execution as user not able to login into portal or Role does not assign to user. Please do needful.
	at tests.frontendAgent.widgetsOptionsTest.checkExecution(widgetsOptionsTest.java:35)

checkExecution(tests.frontendAgent.createInteractionTest)  Time elapsed: 0.578 s  <<< FAILURE!
java.lang.AssertionError: 
The following asserts failed:
	Terminate Execution as user not able to login into portal or Role does not assign to user. Please do needful.
	at tests.frontendAgent.createInteractionTest.checkExecution(createInteractionTest.java:53)

checkExecution(tests.frontendAgent.WidgetTaggedIssueTest)  Time elapsed: 0.594 s  <<< FAILURE!
java.lang.AssertionError: 
The following asserts failed:
	Terminate Execution as user not able to login into portal or Role does not assign to user. Please do needful.
	at tests.frontendAgent.WidgetTaggedIssueTest.checkExecution(WidgetTaggedIssueTest.java:25)

checkExecution(tests.frontendAgent.PinTagTest)  Time elapsed: 0.5 s  <<< FAILURE!
java.lang.AssertionError: 
The following asserts failed:
	Terminate Execution as user not able to login into portal or Role does not assign to user. Please do needful.
	at tests.frontendAgent.PinTagTest.checkExecution(PinTagTest.java:28)

checkExecution(tests.frontendAgent.InteractionCommentTest)  Time elapsed: 0.578 s  <<< FAILURE!
java.lang.AssertionError: 
The following asserts failed:
	Terminate Execution as user not able to login into portal or Role does not assign to user. Please do needful.
	at tests.frontendAgent.InteractionCommentTest.checkExecution(InteractionCommentTest.java:32)

checkExecution(tests.frontendAgent.FrontendAgentTicketTest)  Time elapsed: 0.578 s  <<< FAILURE!
java.lang.AssertionError: 
The following asserts failed:
	Terminate Execution as user not able to login into portal or Role does not assign to user. Please do needful.
	at tests.frontendAgent.FrontendAgentTicketTest.checkExecution(FrontendAgentTicketTest.java:25)

checkExecution(tests.frontendAgent.VoucherTabTest)  Time elapsed: 0.5 s  <<< FAILURE!
java.lang.AssertionError: 
The following asserts failed:
	Terminate Execution as user not able to login into portal or Role does not assign to user. Please do needful.
	at tests.frontendAgent.VoucherTabTest.checkExecution(VoucherTabTest.java:45)

checkExecution(tests.frontendAgent.ClearRefillErrorTest)  Time elapsed: 0.563 s  <<< FAILURE!
java.lang.AssertionError: 
The following asserts failed:
	Terminate Execution as user not able to login into portal or Role does not assign to user. Please do needful.
	at tests.frontendAgent.ClearRefillErrorTest.checkExecution(ClearRefillErrorTest.java:31)

checkExecution(tests.frontendAgent.AuthTabTest)  Time elapsed: 0.546 s  <<< FAILURE!
java.lang.AssertionError: 
The following asserts failed:
	Terminate Execution as user not able to login into portal or Role does not assign to user. Please do needful.
	at tests.frontendAgent.AuthTabTest.checkExecution(AuthTabTest.java:27)

checkExecution(tests.frontendAgent.LoanWidgetTest)  Time elapsed: 0.672 s  <<< FAILURE!
java.lang.AssertionError: 
The following asserts failed:
	Terminate Execution as user not able to login into portal or Role does not assign to user. Please do needful.
	at tests.frontendAgent.LoanWidgetTest.checkExecution(LoanWidgetTest.java:38)

checkExecution(tests.frontendAgent.CRBTWidgetTest)  Time elapsed: 0.609 s  <<< FAILURE!
java.lang.AssertionError: 
The following asserts failed:
	Terminate Execution as user not able to login into portal or Role does not assign to user. Please do needful.
	at tests.frontendAgent.CRBTWidgetTest.checkExecution(CRBTWidgetTest.java:32)

checkExecution(tests.ticketBulkUpdate.TicketBulkUpdateTest)  Time elapsed: 0.516 s  <<< FAILURE!
java.lang.AssertionError: 
The following asserts failed:
	Terminate Execution as Backend Supervisor user not able to login into portal or Role does not assign to user. Please do needful.
	at tests.ticketBulkUpdate.TicketBulkUpdateTest.checkExecution(TicketBulkUpdateTest.java:32)

checkExecution(tests.frontendAgent.LogoutTest)  Time elapsed: 0.469 s  <<< FAILURE!
java.lang.AssertionError: 
The following asserts failed:
	Terminate Execution as user not able to login into portal or Role does not assign to user. Please do needful.
	at tests.frontendAgent.LogoutTest.checkExecution(LogoutTest.java:23)

checkExecution(tests.backendSupervisor.SupervisorLoginTest)  Time elapsed: 0.484 s  <<< FAILURE!
java.lang.AssertionError: 
The following asserts failed:
	Terminate Execution as Backend Supervisor user not able to login into portal or Role does not assign to user. Please do needful.
	at tests.backendSupervisor.SupervisorLoginTest.checkExecution(SupervisorLoginTest.java:29)

loginAPI(tests.frontendAgent.SystemStatusTest)  Time elapsed: 1.422 s  <<< FAILURE!
java.lang.AssertionError: 
The following asserts failed:
	Not able to generate Token. Please Update Password As soon as possible if required.
API Response Message: Failed to authenticate user.
	at tests.frontendAgent.SystemStatusTest.loginAPI(SystemStatusTest.java:79)

checkExecution(tests.backendSupervisor.SupervisorGlobalSearchTest)  Time elapsed: 2.128 s  <<< FAILURE!
java.lang.AssertionError: 
The following asserts failed:
	Terminate Execution as Backend Supervisor user not able to login into portal or Role does not assign to user. Please do needful.
	at tests.backendSupervisor.SupervisorGlobalSearchTest.checkExecution(SupervisorGlobalSearchTest.java:28)

checkExecution(tests.backendSupervisor.SupervisorSearchTicket)  Time elapsed: 0.507 s  <<< FAILURE!
java.lang.AssertionError: 
The following asserts failed:
	Terminate Execution as Backend Supervisor user not able to login into portal or Role does not assign to user. Please do needful.
	at tests.backendSupervisor.SupervisorSearchTicket.checkExecution(SupervisorSearchTicket.java:55)

checkExecution(tests.backendSupervisor.SupervisorFilterTest)  Time elapsed: 1.466 s  <<< FAILURE!
java.lang.AssertionError: 
The following asserts failed:
	Terminate Execution as Backend Supervisor user not able to login into portal or Role does not assign to user. Please do needful.
	at tests.backendSupervisor.SupervisorFilterTest.checkExecution(SupervisorFilterTest.java:25)

checkExecution(tests.backendSupervisor.StateQueueMappingTest)  Time elapsed: 0.6 s  <<< FAILURE!
java.lang.AssertionError: 
The following asserts failed:
	Terminate Execution as Backend Supervisor user not able to login into portal or Role does not assign to user. Please do needful.
	at tests.backendSupervisor.StateQueueMappingTest.checkExecution(StateQueueMappingTest.java:51)

checkExecution(tests.backendSupervisor.SupervisorUpdateTicket)  Time elapsed: 0.763 s  <<< FAILURE!
java.lang.AssertionError: 
The following asserts failed:
	Terminate Execution as Backend Supervisor user not able to login into portal or Role does not assign to user. Please do needful.
	at tests.backendSupervisor.SupervisorUpdateTicket.checkExecution(SupervisorUpdateTicket.java:52)

checkExecution(tests.backendSupervisor.AssignToAgentTicketTest)  Time elapsed: 0.78 s  <<< FAILURE!
java.lang.AssertionError: 
The following asserts failed:
	Terminate Execution as Backend Supervisor user not able to login into portal or Role does not assign to user. Please do needful.
	at tests.backendSupervisor.AssignToAgentTicketTest.checkExecution(AssignToAgentTicketTest.java:30)

checkExecution(tests.backendSupervisor.TransferToQueueTest)  Time elapsed: 0.702 s  <<< FAILURE!
java.lang.AssertionError: 
The following asserts failed:
	Terminate Execution as Backend Supervisor user not able to login into portal or Role does not assign to user. Please do needful.
	at tests.backendSupervisor.TransferToQueueTest.checkExecution(TransferToQueueTest.java:27)

checkExecution(tests.backendSupervisor.SupervisorReopenTicketTest)  Time elapsed: 0.706 s  <<< FAILURE!
java.lang.AssertionError: 
The following asserts failed:
	Terminate Execution as Backend Supervisor user not able to login into portal or Role does not assign to user. Please do needful.
	at tests.backendSupervisor.SupervisorReopenTicketTest.checkExecution(SupervisorReopenTicketTest.java:28)

checkExecution(tests.backendSupervisor.TicketEscalationTest)  Time elapsed: 0.645 s  <<< FAILURE!
java.lang.AssertionError: 
The following asserts failed:
	Terminate Execution as Backend Supervisor user not able to login into portal or Role does not assign to user. Please do needful.
	at tests.backendSupervisor.TicketEscalationTest.checkExecution(TicketEscalationTest.java:26)

checkExecution(tests.backendSupervisor.SupervisorAddCommentTest)  Time elapsed: 0.617 s  <<< FAILURE!
java.lang.AssertionError: 
The following asserts failed:
	Terminate Execution as Backend Supervisor user not able to login into portal or Role does not assign to user. Please do needful.
	at tests.backendSupervisor.SupervisorAddCommentTest.checkExecution(SupervisorAddCommentTest.java:28)

checkExecution(tests.frontendAgent.LogoutTest)  Time elapsed: 0.541 s  <<< FAILURE!
java.lang.AssertionError: 
The following asserts failed:
	Terminate Execution as user not able to login into portal or Role does not assign to user. Please do needful.
	at tests.frontendAgent.LogoutTest.checkExecution(LogoutTest.java:23)

checkExecution(tests.frontendAgent.LoginTests)  Time elapsed: 0.843 s  <<< FAILURE!
java.lang.AssertionError: 
The following asserts failed:
	Terminate Execution as user not able to login into portal or Role does not assign to user. Please do needful.
	at tests.frontendAgent.LoginTests.checkExecution(LoginTests.java:23)

checkExecution(tests.templateManagement.CreateTemplateTest)  Time elapsed: 0.455 s  <<< FAILURE!
java.lang.AssertionError: 
The following asserts failed:
	Terminate Execution as user not able to login into portal or Role does not assign to user. Please do needful.
	at tests.templateManagement.CreateTemplateTest.checkExecution(CreateTemplateTest.java:30)

checkExecution(tests.templateManagement.ViewTemplateTest)  Time elapsed: 0.454 s  <<< FAILURE!
java.lang.AssertionError: 
The following asserts failed:
	Terminate Execution as user not able to login into portal or Role does not assign to user. Please do needful.
	at tests.templateManagement.ViewTemplateTest.checkExecution(ViewTemplateTest.java:26)

checkExecution(tests.frontendAgent.SendSMSTest)  Time elapsed: 0.526 s  <<< FAILURE!
java.lang.AssertionError: 
The following asserts failed:
	Terminate Execution as user not able to login into portal or Role does not assign to user. Please do needful.
	at tests.frontendAgent.SendSMSTest.checkExecution(SendSMSTest.java:28)

checkExecution(tests.userManagement.userManagementTest)  Time elapsed: 0.417 s  <<< FAILURE!
java.lang.AssertionError: 
The following asserts failed:
	Terminate Execution as user not able to login into portal or Role does not assign to user. Please do needful.
	at tests.userManagement.userManagementTest.checkExecution(userManagementTest.java:28)

checkExecution(tests.profileManagement.profileManagementTest)  Time elapsed: 0.309 s  <<< FAILURE!
java.lang.AssertionError: 
The following asserts failed:
	Terminate Execution as user not able to login into portal or Role does not assign to user. Please do needful.
	at tests.profileManagement.profileManagementTest.checkExecution(profileManagementTest.java:25)

checkExecution(tests.frontendAgent.LogoutTest)  Time elapsed: 0.334 s  <<< FAILURE!
java.lang.AssertionError: 
The following asserts failed:
	Terminate Execution as user not able to login into portal or Role does not assign to user. Please do needful.
	at tests.frontendAgent.LogoutTest.checkExecution(LogoutTest.java:23)

checkExecution(tests.backendAgent.BackendAgentLoginTest)  Time elapsed: 0.374 s  <<< FAILURE!
java.lang.AssertionError: 
The following asserts failed:
	Terminate Execution as Backend Agent not able to login into portal or Role does not assign to user. Please do needful.
	at tests.backendAgent.BackendAgentLoginTest.checkExecution(BackendAgentLoginTest.java:28)

checkExecution(tests.backendAgent.BackendAgentFilterTest)  Time elapsed: 0.21 s  <<< FAILURE!
java.lang.AssertionError: 
The following asserts failed:
	Terminate Execution as Backend Agent not able to login into portal or Role does not assign to user. Please do needful.
	at tests.backendAgent.BackendAgentFilterTest.checkExecution(BackendAgentFilterTest.java:23)

checkExecution(tests.backendAgent.BackendAgentUpdateTicket)  Time elapsed: 0.226 s  <<< FAILURE!
java.lang.AssertionError: 
The following asserts failed:
	Terminate Execution as Backend Agent not able to login into portal or Role does not assign to user. Please do needful.
	at tests.backendAgent.BackendAgentUpdateTicket.checkExecution(BackendAgentUpdateTicket.java:25)

checkExecution(tests.backendAgent.BackendAgentAddComment)  Time elapsed: 0.155 s  <<< FAILURE!
java.lang.AssertionError: 
The following asserts failed:
	Terminate Execution as Backend Agent not able to login into portal or Role does not assign to user. Please do needful.
	at tests.backendAgent.BackendAgentAddComment.checkExecution(BackendAgentAddComment.java:25)

checkExecution(tests.frontendAgent.LogoutTest)  Time elapsed: 0.118 s  <<< FAILURE!
java.lang.AssertionError: 
The following asserts failed:
	Terminate Execution as user not able to login into portal or Role does not assign to user. Please do needful.
	at tests.frontendAgent.LogoutTest.checkExecution(LogoutTest.java:23)

